[0.0042159397762323095, 0.0036802700087851937, 0.0032319448804057297, 0.002853155840197066, 0.002530501735179168]
None
[0.00014061915556859366, 0.00013263724546365042, 0.00012520120734184397, 0.00011826753575267085, 0.00011179667652930394]
None
[0.0001905793187975152, 0.00017904142183057298, 0.00016834454186430518, 0.00015841720019406076, 0.00014919485886600933]
None
[0.001328228623271265, 0.0012049538188315518, 0.0010956840991167473, 0.0009985166911037633, 0.0009118528141207254]
None
[0.002253706118882177, 0.0020147609111782288, 0.0018073383939696845, 0.0016263775957059204, 0.0014677872654243788]
None
[0.0002639914439818749, 0.0002468654579278309, 0.0002310769718863044, 0.00021650406496931003, 0.00020303750920324848]
None
[0.0005492273629325897, 0.0005075260486823537, 0.0004696481734457398, 0.00043518186860927986, 0.0004037664804388885]
None
[0.00037508531906979635, 0.0003488595302123611, 0.0003248430093270528, 0.000302817984113757, 0.00028259133910463164]
None
[0.0008343414428776892, 0.0007648349162753081, 0.0007023536153557186, 0.0006460576383173203, 0.0005952238717326272]
None
[0.009533634275706087, 0.007896192100478091, 0.0066422781543004706, 0.0056556885927314254, 0.004863152966790832]
[[0.009533634275706087, 0.007896192100478091, 0.0066422781543004706, 0.0056556885927314254, 0.004863152966790832], [0.0042159397762323095, 0.0036802700087851937, 0.0032319448804057297, 0.002853155840197066, 0.002530501735179168], [0.002253706118882177, 0.0020147609111782288, 0.0018073383939696845, 0.0016263775957059204, 0.0014677872654243788], [0.001328228623271265, 0.0012049538188315518, 0.0010956840991167473, 0.0009985166911037633, 0.0009118528141207254], [0.0008343414428776892, 0.0007648349162753081, 0.0007023536153557186, 0.0006460576383173203, 0.0005952238717326272], [0.0005492273629325897, 0.0005075260486823537, 0.0004696481734457398, 0.00043518186860927986, 0.0004037664804388885], [0.00037508531906979635, 0.0003488595302123611, 0.0003248430093270528, 0.000302817984113757, 0.00028259133910463164], [0.0002639914439818749, 0.0002468654579278309, 0.0002310769718863044, 0.00021650406496931003, 0.00020303750920324848], [0.0001905793187975152, 0.00017904142183057298, 0.00016834454186430518, 0.00015841720019406076, 0.00014919485886600933], [0.00014061915556859366, 0.00013263724546365042, 0.00012520120734184397, 0.00011826753575267085, 0.00011179667652930394]]
here
