Traceback (most recent call last):
  File "/project2/jnovembre/steinerm/rvsfs/spatial_integrals/spatial_integrals_2D.py", line 72, in <module>
Traceback (most recent call last):
Traceback (most recent call last):
Traceback (most recent call last):
  File "/project2/jnovembre/steinerm/rvsfs/spatial_integrals/spatial_integrals_2D.py", line 72, in <module>
  File "/project2/jnovembre/steinerm/rvsfs/spatial_integrals/spatial_integrals_2D.py", line 72, in <module>
  File "/project2/jnovembre/steinerm/rvsfs/spatial_integrals/spatial_integrals_2D.py", line 72, in <module>
    main()
  File "/project2/jnovembre/steinerm/rvsfs/spatial_integrals/spatial_integrals_2D.py", line 56, in main
    main()
  File "/project2/jnovembre/steinerm/rvsfs/spatial_integrals/spatial_integrals_2D.py", line 56, in main
    main()
    sigma_list = comm.scatter(sigma_list,root=0)
    sigma_list = comm.scatter(sigma_list,root=0)
  File "/project2/jnovembre/steinerm/rvsfs/spatial_integrals/spatial_integrals_2D.py", line 56, in main
UnboundLocalError: local variable 'sigma_list' referenced before assignment
UnboundLocalError: local variable 'sigma_list' referenced before assignment
    sigma_list = comm.scatter(sigma_list,root=0)
UnboundLocalError: local variable 'sigma_list' referenced before assignment
Traceback (most recent call last):
  File "/project2/jnovembre/steinerm/rvsfs/spatial_integrals/spatial_integrals_2D.py", line 72, in <module>
Traceback (most recent call last):
  File "/project2/jnovembre/steinerm/rvsfs/spatial_integrals/spatial_integrals_2D.py", line 72, in <module>
Traceback (most recent call last):
  File "/project2/jnovembre/steinerm/rvsfs/spatial_integrals/spatial_integrals_2D.py", line 72, in <module>
Traceback (most recent call last):
Traceback (most recent call last):
  File "/project2/jnovembre/steinerm/rvsfs/spatial_integrals/spatial_integrals_2D.py", line 72, in <module>
    main()
  File "/project2/jnovembre/steinerm/rvsfs/spatial_integrals/spatial_integrals_2D.py", line 72, in <module>
  File "/project2/jnovembre/steinerm/rvsfs/spatial_integrals/spatial_integrals_2D.py", line 56, in main
    sigma_list = comm.scatter(sigma_list,root=0)
    main()
  File "/project2/jnovembre/steinerm/rvsfs/spatial_integrals/spatial_integrals_2D.py", line 56, in main
UnboundLocalError: local variable 'sigma_list' referenced before assignment
    main()
  File "/project2/jnovembre/steinerm/rvsfs/spatial_integrals/spatial_integrals_2D.py", line 56, in main
    main()
  File "/project2/jnovembre/steinerm/rvsfs/spatial_integrals/spatial_integrals_2D.py", line 56, in main
    main()
  File "/project2/jnovembre/steinerm/rvsfs/spatial_integrals/spatial_integrals_2D.py", line 56, in main
    sigma_list = comm.scatter(sigma_list,root=0)
UnboundLocalError: local variable 'sigma_list' referenced before assignment
    sigma_list = comm.scatter(sigma_list,root=0)
UnboundLocalError: local variable 'sigma_list' referenced before assignment
    sigma_list = comm.scatter(sigma_list,root=0)
UnboundLocalError: local variable 'sigma_list' referenced before assignment
    sigma_list = comm.scatter(sigma_list,root=0)
UnboundLocalError: local variable 'sigma_list' referenced before assignment
    main()
  File "/project2/jnovembre/steinerm/rvsfs/spatial_integrals/spatial_integrals_2D.py", line 56, in main
    sigma_list = comm.scatter(sigma_list,root=0)
UnboundLocalError: local variable 'sigma_list' referenced before assignment
Traceback (most recent call last):
  File "/project2/jnovembre/steinerm/rvsfs/spatial_integrals/spatial_integrals_2D.py", line 72, in <module>
    main()
  File "/project2/jnovembre/steinerm/rvsfs/spatial_integrals/spatial_integrals_2D.py", line 56, in main
    sigma_list = comm.scatter(sigma_list,root=0)
  File "mpi4py/MPI/Comm.pyx", line 1587, in mpi4py.MPI.Comm.scatter
  File "mpi4py/MPI/msgpickle.pxi", line 823, in mpi4py.MPI.PyMPI_scatter
  File "mpi4py/MPI/msgpickle.pxi", line 161, in mpi4py.MPI.pickle_dumpv
ValueError: expecting 10 items, got 50
