Building DAG of jobs...
Using shell: /bin/bash
Provided cores: 14
Rules claiming more threads will be scaled down.
Job counts:
	count	jobs
	1	all
	1	calc_integrals_dim1
	1	calc_integrals_dim2
	1	clean_data
	1	make_plots
	1	pade_approx
	1	plot_cumulants
	1	plot_sfs
	8

[Mon Oct 10 13:51:31 2022]
rule calc_integrals_dim2:
    output: spatial_integrals_dim2.csv
    jobid: 6


[Mon Oct 10 13:51:31 2022]
rule calc_integrals_dim1:
    output: spatial_integrals_dim1.csv
    jobid: 5

calculating u2
calculating u3
calculating u4
[Mon Oct 10 15:37:01 2022]
Finished job 5.
1 of 8 steps (12%) done
slurmstepd-midway2-0079: error: *** JOB 23055192 ON midway2-0079 CANCELLED AT 2022-10-12T01:51:25 DUE TO TIME LIMIT ***
