Building DAG of jobs...
Using shell: /usr/bin/bash
Provided cores: 14
Rules claiming more threads will be scaled down.
Job counts:
	count	jobs
	1	all
	24	run_sims
	25

[Wed Jul 19 11:29:14 2023]
rule run_sims:
    output: output/test_vals_L50_l1.0_m0.0001_s0.01_N10000_numint5000.csv, output/sfs_vals_L50_l1.0_n1000_m0.0001_s0.01_N10000_numint5000.csv
    log: logs/0.0001_0.01_stdout.log, logs/0.0001_0.01_stderr.log
    jobid: 10
    wildcards: mval=0.0001, sval=0.01


[Wed Jul 19 11:29:14 2023]
rule run_sims:
    output: output/test_vals_L50_l1.0_m0.01_s0.0001_N10000_numint5000.csv, output/sfs_vals_L50_l1.0_n1000_m0.01_s0.0001_N10000_numint5000.csv
    log: logs/0.01_0.0001_stdout.log, logs/0.01_0.0001_stderr.log
    jobid: 23
    wildcards: mval=0.01, sval=0.0001


[Wed Jul 19 11:29:14 2023]
rule run_sims:
    output: output/test_vals_L50_l1.0_m0.0001_s1e-06_N10000_numint5000.csv, output/sfs_vals_L50_l1.0_n1000_m0.0001_s1e-06_N10000_numint5000.csv
    log: logs/0.0001_1e-06_stdout.log, logs/0.0001_1e-06_stderr.log
    jobid: 22
    wildcards: mval=0.0001, sval=1e-06


[Wed Jul 19 11:29:14 2023]
rule run_sims:
    output: output/test_vals_L50_l1.0_m0.0001_s0.1_N10000_numint5000.csv, output/sfs_vals_L50_l1.0_n1000_m0.0001_s0.1_N10000_numint5000.csv
    log: logs/0.0001_0.1_stdout.log, logs/0.0001_0.1_stderr.log
    jobid: 6
    wildcards: mval=0.0001, sval=0.1


[Wed Jul 19 11:29:14 2023]
rule run_sims:
    output: output/test_vals_L50_l1.0_m0.1_s0.0001_N10000_numint5000.csv, output/sfs_vals_L50_l1.0_n1000_m0.1_s0.0001_N10000_numint5000.csv
    log: logs/0.1_0.0001_stdout.log, logs/0.1_0.0001_stderr.log
    jobid: 14
    wildcards: mval=0.1, sval=0.0001


[Wed Jul 19 11:29:14 2023]
rule run_sims:
    output: output/test_vals_L50_l1.0_m0.0001_s0.001_N10000_numint5000.csv, output/sfs_vals_L50_l1.0_n1000_m0.0001_s0.001_N10000_numint5000.csv
    log: logs/0.0001_0.001_stdout.log, logs/0.0001_0.001_stderr.log
    jobid: 2
    wildcards: mval=0.0001, sval=0.001


[Wed Jul 19 11:29:14 2023]
rule run_sims:
    output: output/test_vals_L50_l1.0_m0.001_s0.0001_N10000_numint5000.csv, output/sfs_vals_L50_l1.0_n1000_m0.001_s0.0001_N10000_numint5000.csv
    log: logs/0.001_0.0001_stdout.log, logs/0.001_0.0001_stderr.log
    jobid: 4
    wildcards: mval=0.001, sval=0.0001


[Wed Jul 19 11:29:14 2023]
rule run_sims:
    output: output/test_vals_L50_l1.0_m0.01_s1e-06_N10000_numint5000.csv, output/sfs_vals_L50_l1.0_n1000_m0.01_s1e-06_N10000_numint5000.csv
    log: logs/0.01_1e-06_stdout.log, logs/0.01_1e-06_stderr.log
    jobid: 13
    wildcards: mval=0.01, sval=1e-06


[Wed Jul 19 11:29:14 2023]
rule run_sims:
    output: output/test_vals_L50_l1.0_m0.001_s0.1_N10000_numint5000.csv, output/sfs_vals_L50_l1.0_n1000_m0.001_s0.1_N10000_numint5000.csv
    log: logs/0.001_0.1_stdout.log, logs/0.001_0.1_stderr.log
    jobid: 15
    wildcards: mval=0.001, sval=0.1


[Wed Jul 19 11:29:14 2023]
rule run_sims:
    output: output/test_vals_L50_l1.0_m0.1_s0.001_N10000_numint5000.csv, output/sfs_vals_L50_l1.0_n1000_m0.1_s0.001_N10000_numint5000.csv
    log: logs/0.1_0.001_stdout.log, logs/0.1_0.001_stderr.log
    jobid: 24
    wildcards: mval=0.1, sval=0.001


[Wed Jul 19 11:29:15 2023]
rule run_sims:
    output: output/test_vals_L50_l1.0_m0.01_s0.01_N10000_numint5000.csv, output/sfs_vals_L50_l1.0_n1000_m0.01_s0.01_N10000_numint5000.csv
    log: logs/0.01_0.01_stdout.log, logs/0.01_0.01_stderr.log
    jobid: 3
    wildcards: mval=0.01, sval=0.01


[Wed Jul 19 11:29:15 2023]
rule run_sims:
    output: output/test_vals_L50_l1.0_m0.001_s0.001_N10000_numint5000.csv, output/sfs_vals_L50_l1.0_n1000_m0.001_s0.001_N10000_numint5000.csv
    log: logs/0.001_0.001_stdout.log, logs/0.001_0.001_stderr.log
    jobid: 1
    wildcards: mval=0.001, sval=0.001


[Wed Jul 19 11:29:15 2023]
rule run_sims:
    output: output/test_vals_L50_l1.0_m0.1_s1e-06_N10000_numint5000.csv, output/sfs_vals_L50_l1.0_n1000_m0.1_s1e-06_N10000_numint5000.csv
    log: logs/0.1_1e-06_stdout.log, logs/0.1_1e-06_stderr.log
    jobid: 16
    wildcards: mval=0.1, sval=1e-06


[Wed Jul 19 11:29:15 2023]
rule run_sims:
    output: output/test_vals_L50_l1.0_m0.01_s0.001_N10000_numint5000.csv, output/sfs_vals_L50_l1.0_n1000_m0.01_s0.001_N10000_numint5000.csv
    log: logs/0.01_0.001_stdout.log, logs/0.01_0.001_stderr.log
    jobid: 17
    wildcards: mval=0.01, sval=0.001

Traceback (most recent call last):
  File "scripts/2d_sims.py", line 160, in <module>
    main()
  File "scripts/2d_sims.py", line 154, in main
    sfs_vals = calc_sfs(output,args.n)
  File "scripts/2d_sims.py", line 115, in calc_sfs
    sfs = freq_sfs(f_filt,n).T
  File "scripts/2d_sims.py", line 100, in freq_sfs
    sfs = np.zeros(tuple([n + 1]) + f.shape)
numpy.core._exceptions.MemoryError: Unable to allocate 4.55 TiB for an array with shape (1001, 50, 5000, 50, 50) and data type float64
[Wed Jul 19 14:19:27 2023]
Error in rule run_sims:
    jobid: 6
    output: output/test_vals_L50_l1.0_m0.0001_s0.1_N10000_numint5000.csv, output/sfs_vals_L50_l1.0_n1000_m0.0001_s0.1_N10000_numint5000.csv
    log: logs/0.0001_0.1_stdout.log, logs/0.0001_0.1_stderr.log

RuleException:
CalledProcessError in line 26 of /project2/jnovembre/steinerm/spatial-sfs/theory/sims_2d/Snakefile:
Command ' set -euo pipefail;  python scripts/2d_sims.py -m 0.0001 -L 50 --pop_size 10000 -s 0.1 -l 1.0 -n 1000 --num_intervals 5000 --check_sims --calc_sfs ' returned non-zero exit status 1.
  File "/project2/jnovembre/steinerm/spatial-sfs/theory/sims_2d/Snakefile", line 26, in __rule_run_sims
  File "/home/steinerm/.conda/envs/snakemake/lib/python3.6/concurrent/futures/thread.py", line 56, in run
Removing output files of failed job run_sims since they might be corrupted:
output/test_vals_L50_l1.0_m0.0001_s0.1_N10000_numint5000.csv
Traceback (most recent call last):
  File "scripts/2d_sims.py", line 160, in <module>
    main()
  File "scripts/2d_sims.py", line 154, in main
    sfs_vals = calc_sfs(output,args.n)
  File "scripts/2d_sims.py", line 115, in calc_sfs
    sfs = freq_sfs(f_filt,n).T
  File "scripts/2d_sims.py", line 100, in freq_sfs
    sfs = np.zeros(tuple([n + 1]) + f.shape)
numpy.core._exceptions.MemoryError: Unable to allocate 4.55 TiB for an array with shape (1001, 50, 5000, 50, 50) and data type float64
[Wed Jul 19 14:35:29 2023]
Error in rule run_sims:
    jobid: 15
    output: output/test_vals_L50_l1.0_m0.001_s0.1_N10000_numint5000.csv, output/sfs_vals_L50_l1.0_n1000_m0.001_s0.1_N10000_numint5000.csv
    log: logs/0.001_0.1_stdout.log, logs/0.001_0.1_stderr.log

RuleException:
CalledProcessError in line 26 of /project2/jnovembre/steinerm/spatial-sfs/theory/sims_2d/Snakefile:
Command ' set -euo pipefail;  python scripts/2d_sims.py -m 0.001 -L 50 --pop_size 10000 -s 0.1 -l 1.0 -n 1000 --num_intervals 5000 --check_sims --calc_sfs ' returned non-zero exit status 1.
  File "/project2/jnovembre/steinerm/spatial-sfs/theory/sims_2d/Snakefile", line 26, in __rule_run_sims
  File "/home/steinerm/.conda/envs/snakemake/lib/python3.6/concurrent/futures/thread.py", line 56, in run
Removing output files of failed job run_sims since they might be corrupted:
output/test_vals_L50_l1.0_m0.001_s0.1_N10000_numint5000.csv
Traceback (most recent call last):
  File "scripts/2d_sims.py", line 160, in <module>
    main()
  File "scripts/2d_sims.py", line 154, in main
    sfs_vals = calc_sfs(output,args.n)
  File "scripts/2d_sims.py", line 115, in calc_sfs
    sfs = freq_sfs(f_filt,n).T
  File "scripts/2d_sims.py", line 100, in freq_sfs
    sfs = np.zeros(tuple([n + 1]) + f.shape)
numpy.core._exceptions.MemoryError: Unable to allocate 4.55 TiB for an array with shape (1001, 50, 5000, 50, 50) and data type float64
[Wed Jul 19 14:41:01 2023]
Error in rule run_sims:
    jobid: 3
    output: output/test_vals_L50_l1.0_m0.01_s0.01_N10000_numint5000.csv, output/sfs_vals_L50_l1.0_n1000_m0.01_s0.01_N10000_numint5000.csv
    log: logs/0.01_0.01_stdout.log, logs/0.01_0.01_stderr.log

RuleException:
CalledProcessError in line 26 of /project2/jnovembre/steinerm/spatial-sfs/theory/sims_2d/Snakefile:
Command ' set -euo pipefail;  python scripts/2d_sims.py -m 0.01 -L 50 --pop_size 10000 -s 0.01 -l 1.0 -n 1000 --num_intervals 5000 --check_sims --calc_sfs ' returned non-zero exit status 1.
  File "/project2/jnovembre/steinerm/spatial-sfs/theory/sims_2d/Snakefile", line 26, in __rule_run_sims
  File "/home/steinerm/.conda/envs/snakemake/lib/python3.6/concurrent/futures/thread.py", line 56, in run
Removing output files of failed job run_sims since they might be corrupted:
output/test_vals_L50_l1.0_m0.01_s0.01_N10000_numint5000.csv
Traceback (most recent call last):
  File "scripts/2d_sims.py", line 160, in <module>
    main()
  File "scripts/2d_sims.py", line 154, in main
    sfs_vals = calc_sfs(output,args.n)
  File "scripts/2d_sims.py", line 115, in calc_sfs
    sfs = freq_sfs(f_filt,n).T
  File "scripts/2d_sims.py", line 100, in freq_sfs
    sfs = np.zeros(tuple([n + 1]) + f.shape)
numpy.core._exceptions.MemoryError: Unable to allocate 4.55 TiB for an array with shape (1001, 50, 5000, 50, 50) and data type float64
[Wed Jul 19 14:42:34 2023]
Error in rule run_sims:
    jobid: 10
    output: output/test_vals_L50_l1.0_m0.0001_s0.01_N10000_numint5000.csv, output/sfs_vals_L50_l1.0_n1000_m0.0001_s0.01_N10000_numint5000.csv
    log: logs/0.0001_0.01_stdout.log, logs/0.0001_0.01_stderr.log

RuleException:
CalledProcessError in line 26 of /project2/jnovembre/steinerm/spatial-sfs/theory/sims_2d/Snakefile:
Command ' set -euo pipefail;  python scripts/2d_sims.py -m 0.0001 -L 50 --pop_size 10000 -s 0.01 -l 1.0 -n 1000 --num_intervals 5000 --check_sims --calc_sfs ' returned non-zero exit status 1.
  File "/project2/jnovembre/steinerm/spatial-sfs/theory/sims_2d/Snakefile", line 26, in __rule_run_sims
  File "/home/steinerm/.conda/envs/snakemake/lib/python3.6/concurrent/futures/thread.py", line 56, in run
Removing output files of failed job run_sims since they might be corrupted:
output/test_vals_L50_l1.0_m0.0001_s0.01_N10000_numint5000.csv
slurmstepd-midway2-0405: error: *** JOB 29193018 ON midway2-0405 CANCELLED AT 2023-07-19T15:23:15 ***
