Building DAG of jobs...
Using shell: /usr/bin/bash
Provided cluster nodes: 2
Job counts:
	count	jobs
	1	all
	9	run_sims
	10

[Wed Jul 26 15:12:17 2023]
rule run_sims:
    output: output/20230726/test_vals_L50_l1.0_m0.001_s0.01_N10000_numint1000.csv, output/20230726/sfs_vals_L50_l1.0_n1000_m0.001_s0.01_N10000_numint1000.csv
    log: logs/20230726/0.001_0.01_stdout.log, logs/202307260.001_0.01_stderr.log
    jobid: 1
    wildcards: mval=0.001, sval=0.01

Submitted job 1 with external jobid 'Submitted batch job 29277912'.

[Wed Jul 26 15:12:19 2023]
rule run_sims:
    output: output/20230726/test_vals_L50_l1.0_m0.01_s0.001_N10000_numint1000.csv, output/20230726/sfs_vals_L50_l1.0_n1000_m0.01_s0.001_N10000_numint1000.csv
    log: logs/20230726/0.01_0.001_stdout.log, logs/202307260.01_0.001_stderr.log
    jobid: 7
    wildcards: mval=0.01, sval=0.001

Submitted job 7 with external jobid 'Submitted batch job 29277913'.
slurmstepd-midway2-0408: error: *** JOB 29277911 ON midway2-0408 CANCELLED AT 2023-07-26T15:17:55 ***
