no change     /software/python-anaconda-2020.02-el7-x86_64/condabin/conda
no change     /software/python-anaconda-2020.02-el7-x86_64/bin/conda
no change     /software/python-anaconda-2020.02-el7-x86_64/bin/conda-env
no change     /software/python-anaconda-2020.02-el7-x86_64/bin/activate
no change     /software/python-anaconda-2020.02-el7-x86_64/bin/deactivate
no change     /software/python-anaconda-2020.02-el7-x86_64/etc/profile.d/conda.sh
no change     /software/python-anaconda-2020.02-el7-x86_64/etc/fish/conf.d/conda.fish
no change     /software/python-anaconda-2020.02-el7-x86_64/shell/condabin/Conda.psm1
no change     /software/python-anaconda-2020.02-el7-x86_64/shell/condabin/conda-hook.ps1
no change     /software/python-anaconda-2020.02-el7-x86_64/lib/python3.7/site-packages/xontrib/conda.xsh
no change     /software/python-anaconda-2020.02-el7-x86_64/etc/profile.d/conda.csh
no change     /home/steinerm/.bashrc
No action taken.

CommandNotFoundError: Your shell has not been properly configured to use 'conda activate'.
To initialize your shell, run

    $ conda init <SHELL_NAME>

Currently supported shells are:
  - bash
  - fish
  - tcsh
  - xonsh
  - zsh
  - powershell

See 'conda init --help' for more information and options.

IMPORTANT: You may need to close and restart your shell after running 'conda init'.


/tmp/slurmd/job22990197/slurm_script: line 14: snakemake: command not found
