Building DAG of jobs...
Using shell: /usr/bin/bash
Provided cores: 14
Rules claiming more threads will be scaled down.
Job counts:
	count	jobs
	1	all
	9	run_sims
	10

[Wed Jul 19 17:15:14 2023]
rule run_sims:
    output: output/test_vals_L10_l1.0_m0.01_s0.1_N10000_numint1000.csv, output/sfs_vals_L10_l1.0_n1000_m0.01_s0.1_N10000_numint1000.csv
    log: logs/0.01_0.1_stdout.log, logs/0.01_0.1_stderr.log
    jobid: 7
    wildcards: mval=0.01, sval=0.1


[Wed Jul 19 17:15:14 2023]
rule run_sims:
    output: output/test_vals_L10_l1.0_m0.1_s0.01_N10000_numint1000.csv, output/sfs_vals_L10_l1.0_n1000_m0.1_s0.01_N10000_numint1000.csv
    log: logs/0.1_0.01_stdout.log, logs/0.1_0.01_stderr.log
    jobid: 9
    wildcards: mval=0.1, sval=0.01


[Wed Jul 19 17:15:14 2023]
rule run_sims:
    output: output/test_vals_L10_l1.0_m0.1_s0.001_N10000_numint1000.csv, output/sfs_vals_L10_l1.0_n1000_m0.1_s0.001_N10000_numint1000.csv
    log: logs/0.1_0.001_stdout.log, logs/0.1_0.001_stderr.log
    jobid: 2
    wildcards: mval=0.1, sval=0.001


[Wed Jul 19 17:15:14 2023]
rule run_sims:
    output: output/test_vals_L10_l1.0_m0.001_s0.1_N10000_numint1000.csv, output/sfs_vals_L10_l1.0_n1000_m0.001_s0.1_N10000_numint1000.csv
    log: logs/0.001_0.1_stdout.log, logs/0.001_0.1_stderr.log
    jobid: 6
    wildcards: mval=0.001, sval=0.1


[Wed Jul 19 17:15:14 2023]
rule run_sims:
    output: output/test_vals_L10_l1.0_m0.1_s0.1_N10000_numint1000.csv, output/sfs_vals_L10_l1.0_n1000_m0.1_s0.1_N10000_numint1000.csv
    log: logs/0.1_0.1_stdout.log, logs/0.1_0.1_stderr.log
    jobid: 1
    wildcards: mval=0.1, sval=0.1


[Wed Jul 19 17:15:14 2023]
rule run_sims:
    output: output/test_vals_L10_l1.0_m0.001_s0.001_N10000_numint1000.csv, output/sfs_vals_L10_l1.0_n1000_m0.001_s0.001_N10000_numint1000.csv
    log: logs/0.001_0.001_stdout.log, logs/0.001_0.001_stderr.log
    jobid: 4
    wildcards: mval=0.001, sval=0.001


[Wed Jul 19 17:15:14 2023]
rule run_sims:
    output: output/test_vals_L10_l1.0_m0.001_s0.01_N10000_numint1000.csv, output/sfs_vals_L10_l1.0_n1000_m0.001_s0.01_N10000_numint1000.csv
    log: logs/0.001_0.01_stdout.log, logs/0.001_0.01_stderr.log
    jobid: 5
    wildcards: mval=0.001, sval=0.01


[Wed Jul 19 17:15:14 2023]
rule run_sims:
    output: output/test_vals_L10_l1.0_m0.01_s0.01_N10000_numint1000.csv, output/sfs_vals_L10_l1.0_n1000_m0.01_s0.01_N10000_numint1000.csv
    log: logs/0.01_0.01_stdout.log, logs/0.01_0.01_stderr.log
    jobid: 3
    wildcards: mval=0.01, sval=0.01


[Wed Jul 19 17:15:14 2023]
rule run_sims:
    output: output/test_vals_L10_l1.0_m0.01_s0.001_N10000_numint1000.csv, output/sfs_vals_L10_l1.0_n1000_m0.01_s0.001_N10000_numint1000.csv
    log: logs/0.01_0.001_stdout.log, logs/0.01_0.001_stderr.log
    jobid: 8
    wildcards: mval=0.01, sval=0.001

[Wed Jul 19 17:25:42 2023]
Finished job 6.
1 of 10 steps (10%) done
[Wed Jul 19 17:25:51 2023]
Finished job 7.
2 of 10 steps (20%) done
[Wed Jul 19 17:26:08 2023]
Finished job 1.
3 of 10 steps (30%) done
[Wed Jul 19 17:27:06 2023]
Finished job 5.
4 of 10 steps (40%) done
[Wed Jul 19 17:27:24 2023]
Finished job 3.
5 of 10 steps (50%) done
[Wed Jul 19 17:28:05 2023]
Finished job 9.
6 of 10 steps (60%) done
[Wed Jul 19 17:33:32 2023]
Finished job 4.
7 of 10 steps (70%) done
[Wed Jul 19 17:33:54 2023]
Finished job 8.
8 of 10 steps (80%) done
[Wed Jul 19 17:34:09 2023]
Finished job 2.
9 of 10 steps (90%) done

[Wed Jul 19 17:34:09 2023]
localrule all:
    input: output/test_vals_L10_l1.0_m0.001_s0.001_N10000_numint1000.csv, output/test_vals_L10_l1.0_m0.001_s0.01_N10000_numint1000.csv, output/test_vals_L10_l1.0_m0.001_s0.1_N10000_numint1000.csv, output/test_vals_L10_l1.0_m0.01_s0.001_N10000_numint1000.csv, output/test_vals_L10_l1.0_m0.01_s0.01_N10000_numint1000.csv, output/test_vals_L10_l1.0_m0.01_s0.1_N10000_numint1000.csv, output/test_vals_L10_l1.0_m0.1_s0.001_N10000_numint1000.csv, output/test_vals_L10_l1.0_m0.1_s0.01_N10000_numint1000.csv, output/test_vals_L10_l1.0_m0.1_s0.1_N10000_numint1000.csv, output/test_vals_L10_l1.0_m0.001_s0.001_N10000_numint1000.csv, output/test_vals_L10_l1.0_m0.001_s0.01_N10000_numint1000.csv, output/test_vals_L10_l1.0_m0.001_s0.1_N10000_numint1000.csv, output/test_vals_L10_l1.0_m0.01_s0.001_N10000_numint1000.csv, output/test_vals_L10_l1.0_m0.01_s0.01_N10000_numint1000.csv, output/test_vals_L10_l1.0_m0.01_s0.1_N10000_numint1000.csv, output/test_vals_L10_l1.0_m0.1_s0.001_N10000_numint1000.csv, output/test_vals_L10_l1.0_m0.1_s0.01_N10000_numint1000.csv, output/test_vals_L10_l1.0_m0.1_s0.1_N10000_numint1000.csv
    jobid: 0

[Wed Jul 19 17:34:09 2023]
Finished job 0.
10 of 10 steps (100%) done
Complete log: /project2/jnovembre/steinerm/spatial-sfs/theory/sims_2d/.snakemake/log/2023-07-19T171514.101833.snakemake.log
